<?xml version="1.0" encoding="UTF-8" standalone="no"?>
<!DOCTYPE log SYSTEM "logger.dtd">
<log>
<record>
  <date>2016-05-01T11:15:35</date>
  <millis>1462094135965</millis>
  <sequence>0</sequence>
  <logger>rezervace.HibernateUtil</logger>
  <level>INFO</level>
  <class>rezervace.HibernateUtil</class>
  <method>buildSessionFactory</method>
  <thread>1</thread>
  <message>Initializing hibernate.</message>
</record>
<record>
  <date>2016-05-01T11:15:36</date>
  <millis>1462094136303</millis>
  <sequence>1</sequence>
  <logger>rezervace.HibernateUtil</logger>
  <level>SEVERE</level>
  <class>rezervace.HibernateUtil</class>
  <method>buildSessionFactory</method>
  <thread>1</thread>
  <message>Initial SessionFactory creation failed.</message>
  <exception>
    <message>org.hibernate.MappingException: Unable to load class [ cz.aircraftcarrier.persistence.model.AircraftCarrier] declared in Hibernate configuration &lt;mapping/&gt; entry</message>
    <frame>
      <class>org.hibernate.cfg.Configuration</class>
      <method>parseMappingElement</method>
      <line>2342</line>
    </frame>
    <frame>
      <class>org.hibernate.cfg.Configuration</class>
      <method>parseSessionFactory</method>
      <line>2283</line>
    </frame>
    <frame>
      <class>org.hibernate.cfg.Configuration</class>
      <method>doConfigure</method>
      <line>2263</line>
    </frame>
    <frame>
      <class>org.hibernate.cfg.Configuration</class>
      <method>doConfigure</method>
      <line>2216</line>
    </frame>
    <frame>
      <class>org.hibernate.cfg.Configuration</class>
      <method>configure</method>
      <line>2131</line>
    </frame>
    <frame>
      <class>org.hibernate.cfg.Configuration</class>
      <method>configure</method>
      <line>2110</line>
    </frame>
    <frame>
      <class>rezervace.HibernateUtil</class>
      <method>buildSessionFactory</method>
      <line>24</line>
    </frame>
    <frame>
      <class>rezervace.HibernateUtil</class>
      <method>&lt;clinit&gt;</method>
      <line>19</line>
    </frame>
    <frame>
      <class>dao_impl.CommonDAOImpl</class>
      <method>getSession</method>
      <line>44</line>
    </frame>
    <frame>
      <class>dao_impl.CommonDAOImpl</class>
      <method>addEntity</method>
      <line>82</line>
    </frame>
    <frame>
      <class>dao_impl.UserDAOImpl</class>
      <method>addUser</method>
      <line>36</line>
    </frame>
    <frame>
      <class>rezervace.Main</class>
      <method>createIlustrationData</method>
      <line>80</line>
    </frame>
    <frame>
      <class>rezervace.Main</class>
      <method>main</method>
      <line>51</line>
    </frame>
  </exception>
</record>
</log>
