<?xml version="1.0" encoding="UTF-8" standalone="no"?>
<!DOCTYPE log SYSTEM "logger.dtd">
<log>
<record>
  <date>2016-05-01T12:01:22</date>
  <millis>1462096882356</millis>
  <sequence>0</sequence>
  <logger>rezervace.HibernateUtil</logger>
  <level>INFO</level>
  <class>rezervace.HibernateUtil</class>
  <method>buildSessionFactory</method>
  <thread>1</thread>
  <message>Initializing hibernate.</message>
</record>
<record>
  <date>2016-05-01T12:01:22</date>
  <millis>1462096882684</millis>
  <sequence>1</sequence>
  <logger>org.hibernate.validator.internal.util.Version</logger>
  <level>INFO</level>
  <class>org.hibernate.validator.internal.util.Version</class>
  <method>&lt;clinit&gt;</method>
  <thread>1</thread>
  <message>HV000001: Hibernate Validator 5.2.4.Final</message>
</record>
<record>
  <date>2016-05-01T12:01:23</date>
  <millis>1462096883474</millis>
  <sequence>2</sequence>
  <logger>dao_impl.CommonDAOImpl</logger>
  <level>SEVERE</level>
  <class>dao_impl.CommonDAOImpl</class>
  <method>addEntity</method>
  <thread>1</thread>
  <exception>
    <message>org.hibernate.exception.SQLGrammarException: Could not execute JDBC batch update</message>
    <frame>
      <class>org.hibernate.exception.SQLStateConverter</class>
      <method>convert</method>
      <line>92</line>
    </frame>
    <frame>
      <class>org.hibernate.exception.JDBCExceptionHelper</class>
      <method>convert</method>
      <line>66</line>
    </frame>
    <frame>
      <class>org.hibernate.jdbc.AbstractBatcher</class>
      <method>executeBatch</method>
      <line>275</line>
    </frame>
    <frame>
      <class>org.hibernate.engine.ActionQueue</class>
      <method>executeActions</method>
      <line>268</line>
    </frame>
    <frame>
      <class>org.hibernate.engine.ActionQueue</class>
      <method>executeActions</method>
      <line>184</line>
    </frame>
    <frame>
      <class>org.hibernate.event.def.AbstractFlushingEventListener</class>
      <method>performExecutions</method>
      <line>321</line>
    </frame>
    <frame>
      <class>org.hibernate.event.def.DefaultFlushEventListener</class>
      <method>onFlush</method>
      <line>51</line>
    </frame>
    <frame>
      <class>org.hibernate.impl.SessionImpl</class>
      <method>flush</method>
      <line>1216</line>
    </frame>
    <frame>
      <class>org.hibernate.impl.SessionImpl</class>
      <method>managedFlush</method>
      <line>383</line>
    </frame>
    <frame>
      <class>org.hibernate.transaction.JDBCTransaction</class>
      <method>commit</method>
      <line>133</line>
    </frame>
    <frame>
      <class>dao_impl.CommonDAOImpl</class>
      <method>addEntity</method>
      <line>84</line>
    </frame>
    <frame>
      <class>dao_impl.UserDAOImpl</class>
      <method>addUser</method>
      <line>36</line>
    </frame>
    <frame>
      <class>rezervace.Main</class>
      <method>createIlustrationData</method>
      <line>80</line>
    </frame>
    <frame>
      <class>rezervace.Main</class>
      <method>main</method>
      <line>51</line>
    </frame>
  </exception>
</record>
</log>
