<?xml version="1.0" encoding="UTF-8" standalone="no"?>
<!DOCTYPE log SYSTEM "logger.dtd">
<log>
<record>
  <date>2016-04-30T16:49:49</date>
  <millis>1462027789997</millis>
  <sequence>0</sequence>
  <logger>cz.aircraftcarrier.HibernateUtil</logger>
  <level>INFO</level>
  <class>cz.aircraftcarrier.HibernateUtil</class>
  <method>buildSessionFactory</method>
  <thread>1</thread>
  <message>Initializing hibernate.</message>
</record>
<record>
  <date>2016-04-30T16:49:54</date>
  <millis>1462027794479</millis>
  <sequence>1</sequence>
  <logger>cz.aircraftcarrier.persistence.dao.impl.CommonDAOImpl</logger>
  <level>INFO</level>
  <class>cz.aircraftcarrier.persistence.dao.impl.CommonDAOImpl</class>
  <method>getAllEntities</method>
  <thread>1</thread>
  <message>Got all 0 AircraftCarriers</message>
</record>
</log>
