<?xml version="1.0" encoding="UTF-8" standalone="no"?>
<!DOCTYPE log SYSTEM "logger.dtd">
<log>
<record>
  <date>2016-05-01T11:22:19</date>
  <millis>1462094539683</millis>
  <sequence>0</sequence>
  <logger>rezervace.HibernateUtil</logger>
  <level>INFO</level>
  <class>rezervace.HibernateUtil</class>
  <method>buildSessionFactory</method>
  <thread>1</thread>
  <message>Initializing hibernate.</message>
</record>
<record>
  <date>2016-05-01T11:22:19</date>
  <millis>1462094539965</millis>
  <sequence>1</sequence>
  <logger>rezervace.HibernateUtil</logger>
  <level>SEVERE</level>
  <class>rezervace.HibernateUtil</class>
  <method>buildSessionFactory</method>
  <thread>1</thread>
  <message>Initial SessionFactory creation failed.</message>
  <exception>
    <message>org.hibernate.AnnotationException: Illegal attempt to map a non collection as a @OneToMany, @ManyToMany or @CollectionOfElements: model.Rezervation.room</message>
    <frame>
      <class>org.hibernate.cfg.annotations.CollectionBinder</class>
      <method>getCollectionBinder</method>
      <line>324</line>
    </frame>
    <frame>
      <class>org.hibernate.cfg.AnnotationBinder</class>
      <method>processElementAnnotations</method>
      <line>1723</line>
    </frame>
    <frame>
      <class>org.hibernate.cfg.AnnotationBinder</class>
      <method>processIdPropertiesIfNotAlready</method>
      <line>796</line>
    </frame>
    <frame>
      <class>org.hibernate.cfg.AnnotationBinder</class>
      <method>bindClass</method>
      <line>707</line>
    </frame>
    <frame>
      <class>org.hibernate.cfg.Configuration$MetadataSourceQueue</class>
      <method>processAnnotatedClassesQueue</method>
      <line>4008</line>
    </frame>
    <frame>
      <class>org.hibernate.cfg.Configuration$MetadataSourceQueue</class>
      <method>processMetadata</method>
      <line>3962</line>
    </frame>
    <frame>
      <class>org.hibernate.cfg.Configuration</class>
      <method>secondPassCompile</method>
      <line>1371</line>
    </frame>
    <frame>
      <class>org.hibernate.cfg.Configuration</class>
      <method>buildSessionFactory</method>
      <line>1829</line>
    </frame>
    <frame>
      <class>rezervace.HibernateUtil</class>
      <method>buildSessionFactory</method>
      <line>24</line>
    </frame>
    <frame>
      <class>rezervace.HibernateUtil</class>
      <method>&lt;clinit&gt;</method>
      <line>19</line>
    </frame>
    <frame>
      <class>dao_impl.CommonDAOImpl</class>
      <method>getSession</method>
      <line>44</line>
    </frame>
    <frame>
      <class>dao_impl.CommonDAOImpl</class>
      <method>addEntity</method>
      <line>82</line>
    </frame>
    <frame>
      <class>dao_impl.UserDAOImpl</class>
      <method>addUser</method>
      <line>36</line>
    </frame>
    <frame>
      <class>rezervace.Main</class>
      <method>createIlustrationData</method>
      <line>80</line>
    </frame>
    <frame>
      <class>rezervace.Main</class>
      <method>main</method>
      <line>51</line>
    </frame>
  </exception>
</record>
</log>
