<?xml version="1.0" encoding="UTF-8" standalone="no"?>
<!DOCTYPE log SYSTEM "logger.dtd">
<log>
<record>
  <date>2016-05-01T12:20:10</date>
  <millis>1462098010955</millis>
  <sequence>0</sequence>
  <logger>rezervace.HibernateUtil</logger>
  <level>INFO</level>
  <class>rezervace.HibernateUtil</class>
  <method>buildSessionFactory</method>
  <thread>1</thread>
  <message>Initializing hibernate.</message>
</record>
<record>
  <date>2016-05-01T12:20:11</date>
  <millis>1462098011274</millis>
  <sequence>1</sequence>
  <logger>org.hibernate.validator.internal.util.Version</logger>
  <level>INFO</level>
  <class>org.hibernate.validator.internal.util.Version</class>
  <method>&lt;clinit&gt;</method>
  <thread>1</thread>
  <message>HV000001: Hibernate Validator 5.2.4.Final</message>
</record>
<record>
  <date>2016-05-01T12:20:12</date>
  <millis>1462098012032</millis>
  <sequence>2</sequence>
  <logger>dao_impl.CommonDAOImpl</logger>
  <level>INFO</level>
  <class>dao_impl.CommonDAOImpl</class>
  <method>addEntity</method>
  <thread>1</thread>
  <message>Added Users: (#1) id: 1, email: email@email.cz, passwordHash: password, salt: dfkjlas</message>
</record>
</log>
